#
# There is insufficient memory for the Java Runtime Environment to continue.
# Native memory allocation (mmap) failed to map 134217728 bytes for Failed to commit area from 0x0000000081600000 to 0x0000000089600000 of length 134217728.
# Possible reasons:
#   The system is out of physical RAM or swap space
#   The process is running with CompressedOops enabled, and the Java Heap may be blocking the growth of the native heap
# Possible solutions:
#   Reduce memory load on the system
#   Increase physical memory or swap space
#   Check if swap backing store is full
#   Decrease Java heap size (-Xmx/-Xms)
#   Decrease number of Java threads
#   Decrease Java thread stack sizes (-Xss)
#   Set larger code cache with -XX:ReservedCodeCacheSize=
# This output file may be truncated or incomplete.
#
#  Out of Memory Error (./src/hotspot/os/windows/os_windows.cpp:3301), pid=3200, tid=10760
#
# JRE version:  (11.0.11+9) (build )
# Java VM: OpenJDK 64-Bit Server VM (11.0.11+9-b1341.60, mixed mode, sharing, tiered, compressed oops, g1 gc, windows-amd64)
# No core dump will be written. Minidumps are not enabled by default on client versions of Windows
#

---------------  S U M M A R Y ------------

Command Line: org.jetbrains.git4idea.http.GitAskPassApp Username for 'https://github.com': 

Host: Intel(R) Core(TM) i5-8250U CPU @ 1.60GHz, 8 cores, 7G,  Windows 10 , 64 bit Build 19041 (10.0.19041.1023)
Time: Fri Sep 24 15:37:04 2021 대한민국 표준시 elapsed time: 0.018898 seconds (0d 0h 0m 0s)

---------------  T H R E A D  ---------------

Current thread (0x0000027738cab000):  JavaThread "Unknown thread" [_thread_in_vm, id=10760, stack(0x0000009fec600000,0x0000009fec700000)]

Stack: [0x0000009fec600000,0x0000009fec700000]
Native frames: (J=compiled Java code, j=interpreted, Vv=VM code, C=native code)
V  [jvm.dll+0x5f5c8a]
V  [jvm.dll+0x779405]
V  [jvm.dll+0x77aa1d]
V  [jvm.dll+0x77b0d3]
V  [jvm.dll+0x244bc8]
V  [jvm.dll+0x5f3084]
V  [jvm.dll+0x5e7fe5]
V  [jvm.dll+0x30098b]
V  [jvm.dll+0x3008fa]
V  [jvm.dll+0x3007d2]
V  [jvm.dll+0x3056b6]
V  [jvm.dll+0x34e353]
V  [jvm.dll+0x34ea56]
V  [jvm.dll+0x34e453]
V  [jvm.dll+0x2db398]
V  [jvm.dll+0x2dc547]
V  [jvm.dll+0x757bf7]
V  [jvm.dll+0x7593ec]
V  [jvm.dll+0x35b8d9]
V  [jvm.dll+0x73b38e]
V  [jvm.dll+0x3c3cc3]
V  [jvm.dll+0x3c60e1]
C  [jli.dll+0x5373]
C  [ucrtbase.dll+0x21bb2]
C  [KERNEL32.DLL+0x17034]
C  [ntdll.dll+0x52651]


---------------  P R O C E S S  ---------------

Threads class SMR info:
_java_thread_list=0x00000277372525a0, length=0, elements={
}

Java Threads: ( => current thread )

Other Threads:
  0x0000027738cc1800 GCTaskThread "GC Thread#0" [stack: 0x0000009fec700000,0x0000009fec800000] [id=9276]
  0x0000027738cf7800 ConcurrentGCThread "G1 Main Marker" [stack: 0x0000009fec800000,0x0000009fec900000] [id=9948]
  0x0000027738cf8800 ConcurrentGCThread "G1 Conc#0" [stack: 0x0000009fec900000,0x0000009feca00000] [id=10640]

[error occurred during error reporting (printing all threads), id 0xc0000005, EXCEPTION_ACCESS_VIOLATION (0xc0000005) at pc=0x00007ffd8d59b9f7]

VM state:not at safepoint (not fully initialized)

VM Mutex/Monitor currently owned by a thread:  ([mutex/lock_event])
[0x0000027738ca7040] Heap_lock - owner thread: 0x0000027738cab000

Heap address: 0x0000000081600000, size: 2026 MB, Compressed Oops mode: Non-zero based: 0x0000000081600000
Narrow klass base: 0x0000000000000000, Narrow klass shift: 0

GC Heap History (0 events):
No events

Deoptimization events (0 events):
No events

Classes redefined (0 events):
No events

Internal exceptions (0 events):
No events

Events (1 events):
Event: 0.012 Loaded shared library C:\Program Files\JetBrains\WebStorm 2021.1.3\jbr\bin\zip.dll


Dynamic libraries:
0x00007ff623a10000 - 0x00007ff623a1a000 	C:\Program Files\JetBrains\WebStorm 2021.1.3\jbr\bin\java.exe
0x00007ffddef90000 - 0x00007ffddf185000 	C:\windows\SYSTEM32\ntdll.dll
0x00007ffdded90000 - 0x00007ffddee4d000 	C:\windows\System32\KERNEL32.DLL
0x00007ffddc6d0000 - 0x00007ffddc998000 	C:\windows\System32\KERNELBASE.dll
0x00007ffddccb0000 - 0x00007ffddcdb0000 	C:\windows\System32\ucrtbase.dll
0x00007ffdce5c0000 - 0x00007ffdce5d9000 	C:\Program Files\JetBrains\WebStorm 2021.1.3\jbr\bin\jli.dll
0x00007ffdce5a0000 - 0x00007ffdce5b7000 	C:\Program Files\JetBrains\WebStorm 2021.1.3\jbr\bin\VCRUNTIME140.dll
0x00007ffddeb90000 - 0x00007ffdded30000 	C:\windows\System32\USER32.dll
0x00007ffddcab0000 - 0x00007ffddcad2000 	C:\windows\System32\win32u.dll
0x00007ffdbafb0000 - 0x00007ffdbb24a000 	C:\windows\WinSxS\amd64_microsoft.windows.common-controls_6595b64144ccf1df_6.0.19041.844_none_ca00b6081b84eb1d\COMCTL32.dll
0x00007ffddd2b0000 - 0x00007ffddd2da000 	C:\windows\System32\GDI32.dll
0x00007ffddc9a0000 - 0x00007ffddcaab000 	C:\windows\System32\gdi32full.dll
0x00007ffddd620000 - 0x00007ffddd6be000 	C:\windows\System32\msvcrt.dll
0x00007ffddcae0000 - 0x00007ffddcb7d000 	C:\windows\System32\msvcp_win.dll
0x00007ffddd730000 - 0x00007ffddd760000 	C:\windows\System32\IMM32.DLL
0x00007ffda61a0000 - 0x00007ffda623d000 	C:\Program Files\JetBrains\WebStorm 2021.1.3\jbr\bin\msvcp140.dll
0x00007ffd8d2b0000 - 0x00007ffd8ddf9000 	C:\Program Files\JetBrains\WebStorm 2021.1.3\jbr\bin\server\jvm.dll
0x00007ffdddf20000 - 0x00007ffdddfcc000 	C:\windows\System32\ADVAPI32.dll
0x00007ffddd2f0000 - 0x00007ffddd38b000 	C:\windows\System32\sechost.dll
0x00007ffdddd20000 - 0x00007ffddde4b000 	C:\windows\System32\RPCRT4.dll
0x00007ffddef40000 - 0x00007ffddef48000 	C:\windows\System32\PSAPI.DLL
0x00007ffdd77f0000 - 0x00007ffdd77f9000 	C:\windows\SYSTEM32\WSOCK32.dll
0x00007ffdce870000 - 0x00007ffdce897000 	C:\windows\SYSTEM32\WINMM.dll
0x00007ffdd5e90000 - 0x00007ffdd5e9a000 	C:\windows\SYSTEM32\VERSION.dll
0x00007ffddd6c0000 - 0x00007ffddd72b000 	C:\windows\System32\WS2_32.dll
0x00007ffddafa0000 - 0x00007ffddafb2000 	C:\windows\SYSTEM32\kernel.appcore.dll
0x00007ffdce6b0000 - 0x00007ffdce6c1000 	C:\Program Files\JetBrains\WebStorm 2021.1.3\jbr\bin\verify.dll
0x00007ffdda530000 - 0x00007ffdda714000 	C:\windows\SYSTEM32\DBGHELP.DLL
0x00007ffdcacf0000 - 0x00007ffdcad1c000 	C:\windows\SYSTEM32\dbgcore.DLL
0x00007ffddcdb0000 - 0x00007ffddce33000 	C:\windows\System32\bcryptPrimitives.dll
0x00007ffdc6e60000 - 0x00007ffdc6e89000 	C:\Program Files\JetBrains\WebStorm 2021.1.3\jbr\bin\java.dll
0x00007ffdd8190000 - 0x00007ffdd819b000 	C:\Program Files\JetBrains\WebStorm 2021.1.3\jbr\bin\jimage.dll
0x00007ffdc3430000 - 0x00007ffdc3448000 	C:\Program Files\JetBrains\WebStorm 2021.1.3\jbr\bin\zip.dll

dbghelp: loaded successfully - version: 4.0.5 - missing functions: none
symbol engine: initialized successfully - sym options: 0x614 - pdb path: .;C:\Program Files\JetBrains\WebStorm 2021.1.3\jbr\bin;C:\windows\SYSTEM32;C:\windows\WinSxS\amd64_microsoft.windows.common-controls_6595b64144ccf1df_6.0.19041.844_none_ca00b6081b84eb1d;C:\Program Files\JetBrains\WebStorm 2021.1.3\jbr\bin\server

VM Arguments:
java_command: org.jetbrains.git4idea.http.GitAskPassApp Username for 'https://github.com': 
java_class_path (initial): C:/Program Files/JetBrains/WebStorm 2021.1.3/plugins/git4idea/lib/git4idea-rt.jar;C:/Program Files/JetBrains/WebStorm 2021.1.3/lib/xmlrpc-2.0.1.jar;C:/Program Files/JetBrains/WebStorm 2021.1.3/lib/commons-codec-1.15.jar
Launcher Type: SUN_STANDARD

[Global flags]
     intx CICompilerCount                          = 4                                         {product} {ergonomic}
     uint ConcGCThreads                            = 2                                         {product} {ergonomic}
     uint G1ConcRefinementThreads                  = 8                                         {product} {ergonomic}
   size_t G1HeapRegionSize                         = 1048576                                   {product} {ergonomic}
    uintx GCDrainStackTargetSize                   = 64                                        {product} {ergonomic}
   size_t InitialHeapSize                          = 134217728                                 {product} {ergonomic}
   size_t MarkStackSize                            = 4194304                                   {product} {ergonomic}
   size_t MaxHeapSize                              = 2124414976                                {product} {ergonomic}
   size_t MinHeapDeltaBytes                        = 1048576                                   {product} {ergonomic}
    uintx NonNMethodCodeHeapSize                   = 5836300                                {pd product} {ergonomic}
    uintx NonProfiledCodeHeapSize                  = 122910970                              {pd product} {ergonomic}
    uintx ProfiledCodeHeapSize                     = 122910970                              {pd product} {ergonomic}
    uintx ReservedCodeCacheSize                    = 251658240                              {pd product} {ergonomic}
     bool SegmentedCodeCache                       = true                                      {product} {ergonomic}
     bool UseCompressedClassPointers               = true                                 {lp64_product} {ergonomic}
     bool UseCompressedOops                        = true                                 {lp64_product} {ergonomic}
     bool UseG1GC                                  = true                                      {product} {ergonomic}
     bool UseLargePagesIndividualAllocation        = false                                  {pd product} {ergonomic}

Logging:
Log output configuration:
 #0: stdout all=warning uptime,level,tags
 #1: stderr all=off uptime,level,tags

Environment Variables:
PATH=C:\Program Files\Git\mingw64\libexec\git-core;C:\Program Files\Git\mingw64\libexec\git-core;C:\Program Files\Git\mingw64\bin;C:\Program Files\Git\usr\bin;C:\Users\ADmin\bin;C:\Program Files (x86)\Intel\Intel(R) Management Engine Components\iCLS;C:\Program Files\Intel\Intel(R) Management Engine Components\iCLS;C:\windows\system32;C:\windows;C:\windows\System32\Wbem;C:\windows\System32\WindowsPowerShell\v1.0;C:\windows\System32\OpenSSH;C:\Program Files (x86)\Intel\Intel(R) Management Engine Components\DAL;C:\Program Files\Intel\Intel(R) Management Engine Components\DAL;C:\Program Files\Git\cmd;C:\Program Files\nodejs;C:\Program Files (x86)\Brackets\command;C:\Program Files\MySQL\MySQL Shell 8.0\bin;C:\Users\ADmin\AppData\Local\Microsoft\WindowsApps;C:\Users\ADmin\AppData\Local\Programs\Microsoft VS Code\bin;C:\Users\ADmin\AppData\Roaming\npm;C:\Program Files (x86)\ESTsoft\ALSee\x64
USERNAME=ADmin
DISPLAY=:0.0
LC_ALL=en_US.UTF-8
OS=Windows_NT
PROCESSOR_IDENTIFIER=Intel64 Family 6 Model 142 Stepping 10, GenuineIntel



---------------  S Y S T E M  ---------------

OS: Windows 10 , 64 bit Build 19041 (10.0.19041.1023)
OS uptime: 0 days 5:07 hours

CPU:total 8 (initial active 8) (4 cores per cpu, 2 threads per core) family 6 model 142 stepping 10 microcode 0xb4, cmov, cx8, fxsr, mmx, sse, sse2, sse3, ssse3, sse4.1, sse4.2, popcnt, avx, avx2, aes, clmul, erms, 3dnowpref, lzcnt, ht, tsc, tscinvbit, bmi1, bmi2, adx, fma

Memory: 4k page, system-wide physical 8097M (491M free)
TotalPageFile size 8097M (AvailPageFile size 60M)
current process WorkingSet (physical memory assigned to process): 10M, peak: 10M
current process commit charge ("private bytes"): 60M, peak: 188M

vm_info: OpenJDK 64-Bit Server VM (11.0.11+9-b1341.60) for windows-amd64 JRE (11.0.11+9-b1341.60), built on Jun  4 2021 08:17:54 by "" with MS VC++ 14.0 (VS2015)

END.
